<?xml version="1.0" encoding="UTF-8"?>
<!-- Generated by org.testng.reporters.JUnitReportReporter -->
<testsuite skipped="0" hostname="KedarKanchi" name="com.selenium.selenium.testing.testng.NewTest" tests="1" failures="0" timestamp="11 Dec 2019 19:08:10 GMT" time="0.001" errors="0">
  <testcase name="f" time="0.001" classname="com.selenium.selenium.testing.testng.NewTest"/>
</testsuite> <!-- com.selenium.selenium.testing.testng.NewTest -->
