<?xml version="1.0" encoding="UTF-8"?>
<!-- Generated by org.testng.reporters.JUnitReportReporter -->
<testsuite skipped="0" hostname="KedarKanchi" name="com.selenium.selenium.testing.testng.EeGPTest" tests="1" failures="0" timestamp="12 Dec 2019 17:29:07 GMT" time="36.742" errors="0">
  <testcase name="searching" time="36.742" classname="com.selenium.selenium.testing.testng.EeGPTest"/>
</testsuite> <!-- com.selenium.selenium.testing.testng.EeGPTest -->
