<?xml version="1.0" encoding="UTF-8"?>
<!-- Generated by org.testng.reporters.JUnitReportReporter -->
<testsuite skipped="0" hostname="KedarKanchi" name="com.selenium.selenium.testing.testng.Testng1" tests="1" failures="0" timestamp="11 Dec 2019 18:31:25 GMT" time="21.761" errors="0">
  <testcase name="searching" time="21.761" classname="com.selenium.selenium.testing.testng.Testng1"/>
</testsuite> <!-- com.selenium.selenium.testing.testng.Testng1 -->
